<?xml version="1.0" encoding="UTF-8"?>
<testsuite xmlns:xsi="http://www.w3.org/2001/XMLSchema-instance" xsi:noNamespaceSchemaLocation="https://maven.apache.org/surefire/maven-surefire-plugin/xsd/surefire-test-report.xsd" name="CSc483.AppTest" time="2.184" tests="5" errors="0" skipped="0" failures="0">
  <properties>
[...]
</properties>
  <testcase name="testTitleCatcher" classname="CSc483.AppTest" time="0.044"/>
  <testcase name="testTextLemmenizer" classname="CSc483.AppTest" time="2.076"/>
  <testcase name="testParseArgs" classname="CSc483.AppTest" time="0.004"/>
  <testcase name="testJeopardyQuestionParser" classname="CSc483.AppTest" time="0.033"/>
  <testcase name="testParser" classname="CSc483.AppTest" time="0"/>
</testsuite>